# JRE version: Java(TM) SE Runtime Environment (8.0_25-b18) (build 1.8.0_25-b18)
# Java VM: Java HotSpot(TM) 64-Bit Server VM (25.25-b02 mixed mode windows-amd64 compressed oops)
Heap:
 PSYoungGen      total 155136K, used 110407K [0x00000000eab00000, 0x00000000fa000000, 0x0000000100000000)
  eden space 137216K, 80% used [0x00000000eab00000,0x00000000f16d1c00,0x00000000f3100000)
  from space 17920K, 0% used [0x00000000f3100000,0x00000000f3100000,0x00000000f4280000)
  to   space 19456K, 0% used [0x00000000f8d00000,0x00000000f8d00000,0x00000000fa000000)
 ParOldGen       total 93696K, used 25782K [0x00000000c0000000, 0x00000000c5b80000, 0x00000000eab00000)
  object space 93696K, 27% used [0x00000000c0000000,0x00000000c192d8a8,0x00000000c5b80000)
 Metaspace       used 37859K, capacity 39341K, committed 39680K, reserved 1083392K
  class space    used 5213K, capacity 5786K, committed 5888K, reserved 1048576K
GC Heap History (10 events):
Event: 4.516 GC heap before
{Heap before GC invocations=7 (full 1):
 PSYoungGen      total 71680K, used 67086K [0x00000000eab00000, 0x00000000f2080000, 0x0000000100000000)
  eden space 66560K, 99% used [0x00000000eab00000,0x00000000eebd3ac0,0x00000000eec00000)
  from space 5120K, 13% used [0x00000000eec00000,0x00000000eecb0020,0x00000000ef100000)
  to   space 10752K, 0% used [0x00000000f1600000,0x00000000f1600000,0x00000000f2080000)
 ParOldGen       total 61440K, used 7937K [0x00000000c0000000, 0x00000000c3c00000, 0x00000000eab00000)
  object space 61440K, 12% used [0x00000000c0000000,0x00000000c07c0650,0x00000000c3c00000)
 Metaspace       used 22260K, capacity 22754K, committed 22912K, reserved 1069056K
  class space    used 2955K, capacity 3127K, committed 3200K, reserved 1048576K
Event: 4.522 GC heap after
Heap after GC invocations=7 (full 1):
 PSYoungGen      total 108544K, used 3449K [0x00000000eab00000, 0x00000000f2000000, 0x0000000100000000)
  eden space 98304K, 0% used [0x00000000eab00000,0x00000000eab00000,0x00000000f0b00000)
  from space 10240K, 33% used [0x00000000f1600000,0x00000000f195e680,0x00000000f2000000)
  to   space 10752K, 0% used [0x00000000f0b00000,0x00000000f0b00000,0x00000000f1580000)
 ParOldGen       total 61440K, used 7945K [0x00000000c0000000, 0x00000000c3c00000, 0x00000000eab00000)
  object space 61440K, 12% used [0x00000000c0000000,0x00000000c07c2650,0x00000000c3c00000)
 Metaspace       used 22260K, capacity 22754K, committed 22912K, reserved 1069056K
  class space    used 2955K, capacity 3127K, committed 3200K, reserved 1048576K
}
Event: 6.462 GC heap before
{Heap before GC invocations=8 (full 1):
 PSYoungGen      total 108544K, used 101753K [0x00000000eab00000, 0x00000000f2000000, 0x0000000100000000)
  eden space 98304K, 100% used [0x00000000eab00000,0x00000000f0b00000,0x00000000f0b00000)
  from space 10240K, 33% used [0x00000000f1600000,0x00000000f195e680,0x00000000f2000000)
  to   space 10752K, 0% used [0x00000000f0b00000,0x00000000f0b00000,0x00000000f1580000)
 ParOldGen       total 61440K, used 7945K [0x00000000c0000000, 0x00000000c3c00000, 0x00000000eab00000)
  object space 61440K, 12% used [0x00000000c0000000,0x00000000c07c2650,0x00000000c3c00000)
 Metaspace       used 28192K, capacity 28810K, committed 29056K, reserved 1075200K
  class space    used 3666K, capacity 3890K, committed 3968K, reserved 1048576K
Event: 6.480 GC heap after
Heap after GC invocations=8 (full 1):
 PSYoungGen      total 109056K, used 10199K [0x00000000eab00000, 0x00000000f4e80000, 0x0000000100000000)
  eden space 98304K, 0% used [0x00000000eab00000,0x00000000eab00000,0x00000000f0b00000)
  from space 10752K, 94% used [0x00000000f0b00000,0x00000000f14f5ce8,0x00000000f1580000)
  to   space 12288K, 0% used [0x00000000f4280000,0x00000000f4280000,0x00000000f4e80000)
 ParOldGen       total 61440K, used 7953K [0x00000000c0000000, 0x00000000c3c00000, 0x00000000eab00000)
  object space 61440K, 12% used [0x00000000c0000000,0x00000000c07c4650,0x00000000c3c00000)
 Metaspace       used 28192K, capacity 28810K, committed 29056K, reserved 1075200K
  class space    used 3666K, capacity 3890K, committed 3968K, reserved 1048576K
}
Event: 8.039 GC heap before
{Heap before GC invocations=9 (full 1):
 PSYoungGen      total 109056K, used 108503K [0x00000000eab00000, 0x00000000f4e80000, 0x0000000100000000)
  eden space 98304K, 100% used [0x00000000eab00000,0x00000000f0b00000,0x00000000f0b00000)
  from space 10752K, 94% used [0x00000000f0b00000,0x00000000f14f5ce8,0x00000000f1580000)
  to   space 12288K, 0% used [0x00000000f4280000,0x00000000f4280000,0x00000000f4e80000)
 ParOldGen       total 61440K, used 7953K [0x00000000c0000000, 0x00000000c3c00000, 0x00000000eab00000)
  object space 61440K, 12% used [0x00000000c0000000,0x00000000c07c4650,0x00000000c3c00000)
 Metaspace       used 33000K, capacity 34034K, committed 34304K, reserved 1079296K
  class space    used 4388K, capacity 4784K, committed 4864K, reserved 1048576K
Event: 8.132 GC heap after
Heap after GC invocations=9 (full 1):
 PSYoungGen      total 149504K, used 12272K [0x00000000eab00000, 0x00000000f6780000, 0x0000000100000000)
  eden space 137216K, 0% used [0x00000000eab00000,0x00000000eab00000,0x00000000f3100000)
  from space 12288K, 99% used [0x00000000f4280000,0x00000000f4e7c030,0x00000000f4e80000)
  to   space 17920K, 0% used [0x00000000f3100000,0x00000000f3100000,0x00000000f4280000)
 ParOldGen       total 61440K, used 15913K [0x00000000c0000000, 0x00000000c3c00000, 0x00000000eab00000)
  object space 61440K, 25% used [0x00000000c0000000,0x00000000c0f8a740,0x00000000c3c00000)
 Metaspace       used 33000K, capacity 34034K, committed 34304K, reserved 1079296K
  class space    used 4388K, capacity 4784K, committed 4864K, reserved 1048576K
}
Event: 8.554 GC heap before
{Heap before GC invocations=10 (full 1):
 PSYoungGen      total 149504K, used 35970K [0x00000000eab00000, 0x00000000f6780000, 0x0000000100000000)
  eden space 137216K, 17% used [0x00000000eab00000,0x00000000ec224ab8,0x00000000f3100000)
  from space 12288K, 99% used [0x00000000f4280000,0x00000000f4e7c030,0x00000000f4e80000)
  to   space 17920K, 0% used [0x00000000f3100000,0x00000000f3100000,0x00000000f4280000)
 ParOldGen       total 61440K, used 15913K [0x00000000c0000000, 0x00000000c3c00000, 0x00000000eab00000)
  object space 61440K, 25% used [0x00000000c0000000,0x00000000c0f8a740,0x00000000c3c00000)
 Metaspace       used 34234K, capacity 35448K, committed 35496K, reserved 1079296K
  class space    used 4607K, capacity 5108K, committed 5120K, reserved 1048576K
Event: 9.021 GC heap after
Heap after GC invocations=10 (full 1):
 PSYoungGen      total 155136K, used 14871K [0x00000000eab00000, 0x00000000fa000000, 0x0000000100000000)
  eden space 137216K, 0% used [0x00000000eab00000,0x00000000eab00000,0x00000000f3100000)
  from space 17920K, 82% used [0x00000000f3100000,0x00000000f3f85d80,0x00000000f4280000)
  to   space 19456K, 0% used [0x00000000f8d00000,0x00000000f8d00000,0x00000000fa000000)
 ParOldGen       total 61440K, used 15921K [0x00000000c0000000, 0x00000000c3c00000, 0x00000000eab00000)
  object space 61440K, 25% used [0x00000000c0000000,0x00000000c0f8c740,0x00000000c3c00000)
 Metaspace       used 34234K, capacity 35448K, committed 35496K, reserved 1079296K
  class space    used 4607K, capacity 5108K, committed 5120K, reserved 1048576K
}
Event: 9.021 GC heap before
{Heap before GC invocations=11 (full 2):
 PSYoungGen      total 155136K, used 14871K [0x00000000eab00000, 0x00000000fa000000, 0x0000000100000000)
  eden space 137216K, 0% used [0x00000000eab00000,0x00000000eab00000,0x00000000f3100000)
  from space 17920K, 82% used [0x00000000f3100000,0x00000000f3f85d80,0x00000000f4280000)
  to   space 19456K, 0% used [0x00000000f8d00000,0x00000000f8d00000,0x00000000fa000000)
 ParOldGen       total 61440K, used 15921K [0x00000000c0000000, 0x00000000c3c00000, 0x00000000eab00000)
  object space 61440K, 25% used [0x00000000c0000000,0x00000000c0f8c740,0x00000000c3c00000)
 Metaspace       used 34234K, capacity 35448K, committed 35496K, reserved 1079296K
  class space    used 4607K, capacity 5108K, committed 5120K, reserved 1048576K
Event: 9.457 GC heap after
Heap after GC invocations=11 (full 2):
 PSYoungGen      total 155136K, used 0K [0x00000000eab00000, 0x00000000fa000000, 0x0000000100000000)
  eden space 137216K, 0% used [0x00000000eab00000,0x00000000eab00000,0x00000000f3100000)
  from space 17920K, 0% used [0x00000000f3100000,0x00000000f3100000,0x00000000f4280000)
  to   space 19456K, 0% used [0x00000000f8d00000,0x00000000f8d00000,0x00000000fa000000)
 ParOldGen       total 93696K, used 25782K [0x00000000c0000000, 0x00000000c5b80000, 0x00000000eab00000)
  object space 93696K, 27% used [0x00000000c0000000,0x00000000c192d8a8,0x00000000c5b80000)
 Metaspace       used 34234K, capacity 35448K, committed 35496K, reserved 1079296K
  class space    used 4607K, capacity 5108K, committed 5120K, reserved 1048576K
}

